This is XeTeX, Version 3.141592653-2.6-0.999995 (TeX Live 2023) (preloaded format=xelatex 2023.8.17)  17 AUG 2023 18:38
entering extended mode
 restricted \write18 enabled.
 %&-line parsing enabled.
**Metode_Numerik.tex
(./Metode_Numerik.tex
LaTeX2e <2023-06-01> patch level 1
L3 programming layer <2023-08-11>
(c:/Users/user/AppData/Roaming/TinyTeX/texmf-dist/tex/latex/base/book.cls
Document Class: book 2023/05/17 v1.4n Standard LaTeX document class
(c:/Users/user/AppData/Roaming/TinyTeX/texmf-dist/tex/latex/base/bk10.clo
File: bk10.clo 2023/05/17 v1.4n Standard LaTeX file (size option)
)
\c@part=\count181
\c@chapter=\count182
\c@section=\count183
\c@subsection=\count184
\c@subsubsection=\count185
\c@paragraph=\count186
\c@subparagraph=\count187
\c@figure=\count188
\c@table=\count189
\abovecaptionskip=\skip48
\belowcaptionskip=\skip49
\bibindent=\dimen140
) (c:/Users/user/AppData/Roaming/TinyTeX/texmf-dist/tex/latex/amsmath/amsmath.sty
Package: amsmath 2023/05/13 v2.17o AMS math features
\@mathmargin=\skip50
For additional information on amsmath, use the `?' option.
(c:/Users/user/AppData/Roaming/TinyTeX/texmf-dist/tex/latex/amsmath/amstext.sty
Package: amstext 2021/08/26 v2.01 AMS text
(c:/Users/user/AppData/Roaming/TinyTeX/texmf-dist/tex/latex/amsmath/amsgen.sty
File: amsgen.sty 1999/11/30 v2.0 generic functions
\@emptytoks=\toks17
\ex@=\dimen141
)) (c:/Users/user/AppData/Roaming/TinyTeX/texmf-dist/tex/latex/amsmath/amsbsy.sty
Package: amsbsy 1999/11/29 v1.2d Bold Symbols
\pmbraise@=\dimen142
) (c:/Users/user/AppData/Roaming/TinyTeX/texmf-dist/tex/latex/amsmath/amsopn.sty
Package: amsopn 2022/04/08 v2.04 operator names
)
\inf@bad=\count190
LaTeX Info: Redefining \frac on input line 234.
\uproot@=\count191
\leftroot@=\count192
LaTeX Info: Redefining \overline on input line 399.
LaTeX Info: Redefining \colon on input line 410.
\classnum@=\count193
\DOTSCASE@=\count194
LaTeX Info: Redefining \ldots on input line 496.
LaTeX Info: Redefining \dots on input line 499.
LaTeX Info: Redefining \cdots on input line 620.
\Mathstrutbox@=\box51
\strutbox@=\box52
LaTeX Info: Redefining \big on input line 722.
LaTeX Info: Redefining \Big on input line 723.
LaTeX Info: Redefining \bigg on input line 724.
LaTeX Info: Redefining \Bigg on input line 725.
\big@size=\dimen143
LaTeX Font Info:    Redeclaring font encoding OML on input line 743.
LaTeX Font Info:    Redeclaring font encoding OMS on input line 744.
\macc@depth=\count195
LaTeX Info: Redefining \bmod on input line 905.
LaTeX Info: Redefining \pmod on input line 910.
LaTeX Info: Redefining \smash on input line 940.
LaTeX Info: Redefining \relbar on input line 970.
LaTeX Info: Redefining \Relbar on input line 971.
\c@MaxMatrixCols=\count196
\dotsspace@=\muskip16
\c@parentequation=\count197
\dspbrk@lvl=\count198
\tag@help=\toks18
\row@=\count199
\column@=\count266
\maxfields@=\count267
\andhelp@=\toks19
\eqnshift@=\dimen144
\alignsep@=\dimen145
\tagshift@=\dimen146
\tagwidth@=\dimen147
\totwidth@=\dimen148
\lineht@=\dimen149
\@envbody=\toks20
\multlinegap=\skip51
\multlinetaggap=\skip52
\mathdisplay@stack=\toks21
LaTeX Info: Redefining \[ on input line 2953.
LaTeX Info: Redefining \] on input line 2954.
) (c:/Users/user/AppData/Roaming/TinyTeX/texmf-dist/tex/latex/amsfonts/amssymb.sty
Package: amssymb 2013/01/14 v3.01 AMS font symbols
(c:/Users/user/AppData/Roaming/TinyTeX/texmf-dist/tex/latex/amsfonts/amsfonts.sty
Package: amsfonts 2013/01/14 v3.01 Basic AMSFonts support
\symAMSa=\mathgroup4
\symAMSb=\mathgroup5
LaTeX Font Info:    Redeclaring math symbol \hbar on input line 98.
LaTeX Font Info:    Overwriting math alphabet `\mathfrak' in version `bold'
(Font)                  U/euf/m/n --> U/euf/b/n on input line 106.
)) (c:/Users/user/AppData/Roaming/TinyTeX/texmf-dist/tex/generic/iftex/iftex.sty
Package: iftex 2022/02/03 v1.0f TeX engine tests
) (c:/Users/user/AppData/Roaming/TinyTeX/texmf-dist/tex/latex/unicode-math/unicode-math.sty (c:/Users/user/AppData/Roaming/TinyTeX/texmf-dist/tex/latex/l3kernel/expl3.sty
Package: expl3 2023-08-11 L3 programming layer (loader) 
(c:/Users/user/AppData/Roaming/TinyTeX/texmf-dist/tex/latex/l3backend/l3backend-xetex.def
File: l3backend-xetex.def 2023-04-19 L3 backend support: XeTeX
\g__graphics_track_int=\count268
\l__pdf_internal_box=\box53
\g__pdf_backend_object_int=\count269
\g__pdf_backend_annotation_int=\count270
\g__pdf_backend_link_int=\count271
))
Package: unicode-math 2023/08/13 v0.8r Unicode maths in XeLaTeX and LuaLaTeX
(c:/Users/user/AppData/Roaming/TinyTeX/texmf-dist/tex/latex/unicode-math/unicode-math-xetex.sty
Package: unicode-math-xetex 2023/08/13 v0.8r Unicode maths in XeLaTeX and LuaLaTeX
(c:/Users/user/AppData/Roaming/TinyTeX/texmf-dist/tex/latex/l3packages/xparse/xparse.sty
Package: xparse 2023-02-02 L3 Experimental document command parser
) (c:/Users/user/AppData/Roaming/TinyTeX/texmf-dist/tex/latex/l3packages/l3keys2e/l3keys2e.sty
Package: l3keys2e 2023-02-02 LaTeX2e option processing using LaTeX3 keys
) (c:/Users/user/AppData/Roaming/TinyTeX/texmf-dist/tex/latex/fontspec/fontspec.sty
Package: fontspec 2022/01/15 v2.8a Font selection for XeLaTeX and LuaLaTeX
(c:/Users/user/AppData/Roaming/TinyTeX/texmf-dist/tex/latex/fontspec/fontspec-xetex.sty
Package: fontspec-xetex 2022/01/15 v2.8a Font selection for XeLaTeX and LuaLaTeX
\l__fontspec_script_int=\count272
\l__fontspec_language_int=\count273
\l__fontspec_strnum_int=\count274
\l__fontspec_tmp_int=\count275
\l__fontspec_tmpa_int=\count276
\l__fontspec_tmpb_int=\count277
\l__fontspec_tmpc_int=\count278
\l__fontspec_em_int=\count279
\l__fontspec_emdef_int=\count280
\l__fontspec_strong_int=\count281
\l__fontspec_strongdef_int=\count282
\l__fontspec_tmpa_dim=\dimen150
\l__fontspec_tmpb_dim=\dimen151
\l__fontspec_tmpc_dim=\dimen152
(c:/Users/user/AppData/Roaming/TinyTeX/texmf-dist/tex/latex/base/fontenc.sty
Package: fontenc 2021/04/29 v2.0v Standard LaTeX package
) (c:/Users/user/AppData/Roaming/TinyTeX/texmf-dist/tex/latex/fontspec/fontspec.cfg))) (c:/Users/user/AppData/Roaming/TinyTeX/texmf-dist/tex/latex/base/fix-cm.sty
Package: fix-cm 2020/11/24 v1.1t fixes to LaTeX
(c:/Users/user/AppData/Roaming/TinyTeX/texmf-dist/tex/latex/base/ts1enc.def
File: ts1enc.def 2001/06/05 v3.0e (jk/car/fm) Standard LaTeX file
LaTeX Font Info:    Redeclaring font encoding TS1 on input line 47.
))
\g__um_fam_int=\count283
\g__um_fonts_used_int=\count284
\l__um_primecount_int=\count285
\g__um_primekern_muskip=\muskip17
(c:/Users/user/AppData/Roaming/TinyTeX/texmf-dist/tex/latex/unicode-math/unicode-math-table.tex))) (c:/Users/user/AppData/Roaming/TinyTeX/texmf-dist/tex/latex/lm/lmodern.sty
Package: lmodern 2015/05/01 v1.6.1 Latin Modern Fonts
LaTeX Font Info:    Overwriting symbol font `operators' in version `normal'
(Font)                  OT1/cmr/m/n --> OT1/lmr/m/n on input line 22.
LaTeX Font Info:    Overwriting symbol font `letters' in version `normal'
(Font)                  OML/cmm/m/it --> OML/lmm/m/it on input line 23.
LaTeX Font Info:    Overwriting symbol font `symbols' in version `normal'
(Font)                  OMS/cmsy/m/n --> OMS/lmsy/m/n on input line 24.
LaTeX Font Info:    Overwriting symbol font `largesymbols' in version `normal'
(Font)                  OMX/cmex/m/n --> OMX/lmex/m/n on input line 25.
LaTeX Font Info:    Overwriting symbol font `operators' in version `bold'
(Font)                  OT1/cmr/bx/n --> OT1/lmr/bx/n on input line 26.
LaTeX Font Info:    Overwriting symbol font `letters' in version `bold'
(Font)                  OML/cmm/b/it --> OML/lmm/b/it on input line 27.
LaTeX Font Info:    Overwriting symbol font `symbols' in version `bold'
(Font)                  OMS/cmsy/b/n --> OMS/lmsy/b/n on input line 28.
LaTeX Font Info:    Overwriting symbol font `largesymbols' in version `bold'
(Font)                  OMX/cmex/m/n --> OMX/lmex/m/n on input line 29.
LaTeX Font Info:    Overwriting math alphabet `\mathbf' in version `normal'
(Font)                  OT1/cmr/bx/n --> OT1/lmr/bx/n on input line 31.
LaTeX Font Info:    Overwriting math alphabet `\mathsf' in version `normal'
(Font)                  OT1/cmss/m/n --> OT1/lmss/m/n on input line 32.
LaTeX Font Info:    Overwriting math alphabet `\mathit' in version `normal'
(Font)                  OT1/cmr/m/it --> OT1/lmr/m/it on input line 33.
LaTeX Font Info:    Overwriting math alphabet `\mathtt' in version `normal'
(Font)                  OT1/cmtt/m/n --> OT1/lmtt/m/n on input line 34.
LaTeX Font Info:    Overwriting math alphabet `\mathbf' in version `bold'
(Font)                  OT1/cmr/bx/n --> OT1/lmr/bx/n on input line 35.
LaTeX Font Info:    Overwriting math alphabet `\mathsf' in version `bold'
(Font)                  OT1/cmss/bx/n --> OT1/lmss/bx/n on input line 36.
LaTeX Font Info:    Overwriting math alphabet `\mathit' in version `bold'
(Font)                  OT1/cmr/bx/it --> OT1/lmr/bx/it on input line 37.
LaTeX Font Info:    Overwriting math alphabet `\mathtt' in version `bold'
(Font)                  OT1/cmtt/m/n --> OT1/lmtt/m/n on input line 38.
) (c:/Users/user/AppData/Roaming/TinyTeX/texmf-dist/tex/latex/xcolor/xcolor.sty
Package: xcolor 2022/06/12 v2.14 LaTeX color extensions (UK)
(c:/Users/user/AppData/Roaming/TinyTeX/texmf-dist/tex/latex/graphics-cfg/color.cfg
File: color.cfg 2016/01/02 v1.6 sample color configuration
)
Package xcolor Info: Driver file: xetex.def on input line 227.
(c:/Users/user/AppData/Roaming/TinyTeX/texmf-dist/tex/latex/graphics-def/xetex.def
File: xetex.def 2022/09/22 v5.0n Graphics/color driver for xetex
) (c:/Users/user/AppData/Roaming/TinyTeX/texmf-dist/tex/latex/graphics/mathcolor.ltx)
Package xcolor Info: Model `cmy' substituted by `cmy0' on input line 1353.
Package xcolor Info: Model `RGB' extended on input line 1369.
Package xcolor Info: Model `HTML' substituted by `rgb' on input line 1371.
Package xcolor Info: Model `Hsb' substituted by `hsb' on input line 1372.
Package xcolor Info: Model `tHsb' substituted by `hsb' on input line 1373.
Package xcolor Info: Model `HSB' substituted by `hsb' on input line 1374.
Package xcolor Info: Model `Gray' substituted by `gray' on input line 1375.
Package xcolor Info: Model `wave' substituted by `hsb' on input line 1376.
) (c:/Users/user/AppData/Roaming/TinyTeX/texmf-dist/tex/latex/fancyvrb/fancyvrb.sty
Package: fancyvrb 2023/01/19 4.5a verbatim text (tvz,hv)
(c:/Users/user/AppData/Roaming/TinyTeX/texmf-dist/tex/latex/graphics/keyval.sty
Package: keyval 2022/05/29 v1.15 key=value parser (DPC)
\KV@toks@=\toks22
)
\FV@CodeLineNo=\count286
\FV@InFile=\read2
\FV@TabBox=\box54
\c@FancyVerbLine=\count287
\FV@StepNumber=\count288
\FV@OutFile=\write3
) (c:/Users/user/AppData/Roaming/TinyTeX/texmf-dist/tex/latex/framed/framed.sty
Package: framed 2011/10/22 v 0.96: framed or shaded text with page breaks
\OuterFrameSep=\skip53
\fb@frw=\dimen153
\fb@frh=\dimen154
\FrameRule=\dimen155
\FrameSep=\dimen156
) (c:/Users/user/AppData/Roaming/TinyTeX/texmf-dist/tex/latex/tools/longtable.sty
Package: longtable 2021-09-01 v4.17 Multi-page Table package (DPC)
\LTleft=\skip54
\LTright=\skip55
\LTpre=\skip56
\LTpost=\skip57
\LTchunksize=\count289
\LTcapwidth=\dimen157
\LT@head=\box55
\LT@firsthead=\box56
\LT@foot=\box57
\LT@lastfoot=\box58
\LT@gbox=\box59
\LT@cols=\count290
\LT@rows=\count291
\c@LT@tables=\count292
\c@LT@chunks=\count293
\LT@p@ftn=\toks23
) (c:/Users/user/AppData/Roaming/TinyTeX/texmf-dist/tex/latex/booktabs/booktabs.sty
Package: booktabs 2020/01/12 v1.61803398 Publication quality tables
\heavyrulewidth=\dimen158
\lightrulewidth=\dimen159
\cmidrulewidth=\dimen160
\belowrulesep=\dimen161
\belowbottomsep=\dimen162
\aboverulesep=\dimen163
\abovetopsep=\dimen164
\cmidrulesep=\dimen165
\cmidrulekern=\dimen166
\defaultaddspace=\dimen167
\@cmidla=\count294
\@cmidlb=\count295
\@aboverulesep=\dimen168
\@belowrulesep=\dimen169
\@thisruleclass=\count296
\@lastruleclass=\count297
\@thisrulewidth=\dimen170
) (c:/Users/user/AppData/Roaming/TinyTeX/texmf-dist/tex/latex/tools/array.sty
Package: array 2022/09/04 v2.5g Tabular extension package (FMi)
\col@sep=\dimen171
\ar@mcellbox=\box60
\extrarowheight=\dimen172
\NC@list=\toks24
\extratabsurround=\skip58
\backup@length=\skip59
\ar@cellbox=\box61
) (c:/Users/user/AppData/Roaming/TinyTeX/texmf-dist/tex/latex/tools/calc.sty
Package: calc 2017/05/25 v4.3 Infix arithmetic (KKT,FJ)
\calc@Acount=\count298
\calc@Bcount=\count299
\calc@Adimen=\dimen173
\calc@Bdimen=\dimen174
\calc@Askip=\skip60
\calc@Bskip=\skip61
LaTeX Info: Redefining \setlength on input line 80.
LaTeX Info: Redefining \addtolength on input line 81.
\calc@Ccount=\count300
\calc@Cskip=\skip62
) (c:/Users/user/AppData/Roaming/TinyTeX/texmf-dist/tex/latex/etoolbox/etoolbox.sty
Package: etoolbox 2020/10/05 v2.5k e-TeX tools for LaTeX (JAW)
\etb@tempcnta=\count301
) (c:/Users/user/AppData/Roaming/TinyTeX/texmf-dist/tex/latex/mdwtools/footnote.sty
Package: footnote 1997/01/28 1.13 Save footnotes around boxes
\fn@notes=\box62
\fn@width=\dimen175
) (c:/Users/user/AppData/Roaming/TinyTeX/texmf-dist/tex/latex/graphics/graphicx.sty
Package: graphicx 2021/09/16 v1.2d Enhanced LaTeX Graphics (DPC,SPQR)
(c:/Users/user/AppData/Roaming/TinyTeX/texmf-dist/tex/latex/graphics/graphics.sty
Package: graphics 2022/03/10 v1.4e Standard LaTeX Graphics (DPC,SPQR)
(c:/Users/user/AppData/Roaming/TinyTeX/texmf-dist/tex/latex/graphics/trig.sty
Package: trig 2021/08/11 v1.11 sin cos tan (DPC)
) (c:/Users/user/AppData/Roaming/TinyTeX/texmf-dist/tex/latex/graphics-cfg/graphics.cfg
File: graphics.cfg 2016/06/04 v1.11 sample graphics configuration
)
Package graphics Info: Driver file: xetex.def on input line 107.
)
\Gin@req@height=\dimen176
\Gin@req@width=\dimen177
) (c:/Users/user/AppData/Roaming/TinyTeX/texmf-dist/tex/latex/graphics/lscape.sty
Package: lscape 2020/05/28 v3.02 Landscape Pages (DPC)
) (c:/Users/user/AppData/Roaming/TinyTeX/texmf-dist/tex/latex/natbib/natbib.sty
Package: natbib 2010/09/13 8.31b (PWD, AO)
\bibhang=\skip63
\bibsep=\skip64
LaTeX Info: Redefining \cite on input line 694.
\c@NAT@ctr=\count302
) (c:/Users/user/AppData/Roaming/TinyTeX/texmf-dist/tex/latex/hyperref/hyperref.sty
Package: hyperref 2023-07-08 v7.01b Hypertext links for LaTeX
(c:/Users/user/AppData/Roaming/TinyTeX/texmf-dist/tex/generic/ltxcmds/ltxcmds.sty
Package: ltxcmds 2020-05-10 v1.25 LaTeX kernel commands for general use (HO)
) (c:/Users/user/AppData/Roaming/TinyTeX/texmf-dist/tex/generic/pdftexcmds/pdftexcmds.sty
Package: pdftexcmds 2020-06-27 v0.33 Utility functions of pdfTeX for LuaTeX (HO)
(c:/Users/user/AppData/Roaming/TinyTeX/texmf-dist/tex/generic/infwarerr/infwarerr.sty
Package: infwarerr 2019/12/03 v1.5 Providing info/warning/error messages (HO)
)
Package pdftexcmds Info: \pdf@primitive is available.
Package pdftexcmds Info: \pdf@ifprimitive is available.
Package pdftexcmds Info: \pdfdraftmode not found.
) (c:/Users/user/AppData/Roaming/TinyTeX/texmf-dist/tex/latex/kvsetkeys/kvsetkeys.sty
Package: kvsetkeys 2022-10-05 v1.19 Key value parser (HO)
) (c:/Users/user/AppData/Roaming/TinyTeX/texmf-dist/tex/generic/kvdefinekeys/kvdefinekeys.sty
Package: kvdefinekeys 2019-12-19 v1.6 Define keys (HO)
) (c:/Users/user/AppData/Roaming/TinyTeX/texmf-dist/tex/generic/pdfescape/pdfescape.sty
Package: pdfescape 2019/12/09 v1.15 Implements pdfTeX's escape features (HO)
) (c:/Users/user/AppData/Roaming/TinyTeX/texmf-dist/tex/latex/hycolor/hycolor.sty
Package: hycolor 2020-01-27 v1.10 Color options for hyperref/bookmark (HO)
) (c:/Users/user/AppData/Roaming/TinyTeX/texmf-dist/tex/latex/letltxmacro/letltxmacro.sty
Package: letltxmacro 2019/12/03 v1.6 Let assignment for LaTeX macros (HO)
) (c:/Users/user/AppData/Roaming/TinyTeX/texmf-dist/tex/latex/auxhook/auxhook.sty
Package: auxhook 2019-12-17 v1.6 Hooks for auxiliary files (HO)
) (c:/Users/user/AppData/Roaming/TinyTeX/texmf-dist/tex/latex/hyperref/nameref.sty
Package: nameref 2023-08-07 v2.53 Cross-referencing by name of section
(c:/Users/user/AppData/Roaming/TinyTeX/texmf-dist/tex/latex/refcount/refcount.sty
Package: refcount 2019/12/15 v3.6 Data extraction from label references (HO)
) (c:/Users/user/AppData/Roaming/TinyTeX/texmf-dist/tex/generic/gettitlestring/gettitlestring.sty
Package: gettitlestring 2019/12/15 v1.6 Cleanup title references (HO)
(c:/Users/user/AppData/Roaming/TinyTeX/texmf-dist/tex/latex/kvoptions/kvoptions.sty
Package: kvoptions 2022-06-15 v3.15 Key value format for package options (HO)
))
\c@section@level=\count303
)
\@linkdim=\dimen178
\Hy@linkcounter=\count304
\Hy@pagecounter=\count305
(c:/Users/user/AppData/Roaming/TinyTeX/texmf-dist/tex/latex/hyperref/pd1enc.def
File: pd1enc.def 2023-07-08 v7.01b Hyperref: PDFDocEncoding definition (HO)
) (c:/Users/user/AppData/Roaming/TinyTeX/texmf-dist/tex/generic/intcalc/intcalc.sty
Package: intcalc 2019/12/15 v1.3 Expandable calculations with integers (HO)
)
\Hy@SavedSpaceFactor=\count306
(c:/Users/user/AppData/Roaming/TinyTeX/texmf-dist/tex/latex/hyperref/puenc.def
File: puenc.def 2023-07-08 v7.01b Hyperref: PDF Unicode definition (HO)
)
Package hyperref Info: Option `unicode' set `true' on input line 4050.
Package hyperref Info: Hyper figures OFF on input line 4167.
Package hyperref Info: Link nesting OFF on input line 4172.
Package hyperref Info: Hyper index ON on input line 4175.
Package hyperref Info: Plain pages OFF on input line 4182.
Package hyperref Info: Backreferencing OFF on input line 4187.
Package hyperref Info: Implicit mode ON; LaTeX internals redefined.
Package hyperref Info: Bookmarks ON on input line 4434.
\c@Hy@tempcnt=\count307
(c:/Users/user/AppData/Roaming/TinyTeX/texmf-dist/tex/latex/url/url.sty
\Urlmuskip=\muskip18
Package: url 2013/09/16  ver 3.4  Verb mode for urls, etc.
)
LaTeX Info: Redefining \url on input line 4772.
\XeTeXLinkMargin=\dimen179
(c:/Users/user/AppData/Roaming/TinyTeX/texmf-dist/tex/generic/bitset/bitset.sty
Package: bitset 2019/12/09 v1.3 Handle bit-vector datatype (HO)
(c:/Users/user/AppData/Roaming/TinyTeX/texmf-dist/tex/generic/bigintcalc/bigintcalc.sty
Package: bigintcalc 2019/12/15 v1.5 Expandable calculations on big integers (HO)
))
\Fld@menulength=\count308
\Field@Width=\dimen180
\Fld@charsize=\dimen181
Package hyperref Info: Hyper figures OFF on input line 6051.
Package hyperref Info: Link nesting OFF on input line 6056.
Package hyperref Info: Hyper index ON on input line 6059.
Package hyperref Info: backreferencing OFF on input line 6066.
Package hyperref Info: Link coloring OFF on input line 6071.
Package hyperref Info: Link coloring with OCG OFF on input line 6076.
Package hyperref Info: PDF/A mode OFF on input line 6081.
(c:/Users/user/AppData/Roaming/TinyTeX/texmf-dist/tex/latex/base/atbegshi-ltx.sty
Package: atbegshi-ltx 2021/01/10 v1.0c Emulation of the original atbegshi
package with kernel methods
)
\Hy@abspage=\count309
\c@Item=\count310
\c@Hfootnote=\count311
)
Package hyperref Info: Driver (autodetected): hxetex.
(c:/Users/user/AppData/Roaming/TinyTeX/texmf-dist/tex/latex/hyperref/hxetex.def
File: hxetex.def 2023-07-08 v7.01b Hyperref driver for XeTeX
(c:/Users/user/AppData/Roaming/TinyTeX/texmf-dist/tex/generic/stringenc/stringenc.sty
Package: stringenc 2019/11/29 v1.12 Convert strings between diff. encodings (HO)
)
\pdfm@box=\box63
\c@Hy@AnnotLevel=\count312
\HyField@AnnotCount=\count313
\Fld@listcount=\count314
\c@bookmark@seq@number=\count315
(c:/Users/user/AppData/Roaming/TinyTeX/texmf-dist/tex/latex/rerunfilecheck/rerunfilecheck.sty
Package: rerunfilecheck 2022-07-10 v1.10 Rerun checks for auxiliary files (HO)
(c:/Users/user/AppData/Roaming/TinyTeX/texmf-dist/tex/latex/base/atveryend-ltx.sty
Package: atveryend-ltx 2020/08/19 v1.0a Emulation of the original atveryend package
with kernel methods
) (c:/Users/user/AppData/Roaming/TinyTeX/texmf-dist/tex/generic/uniquecounter/uniquecounter.sty
Package: uniquecounter 2019/12/15 v1.4 Provide unlimited unique counter (HO)
)
Package uniquecounter Info: New unique counter `rerunfilecheck' on input line 285.
)
\Hy@SectionHShift=\skip65
) (c:/Users/user/AppData/Roaming/TinyTeX/texmf-dist/tex/latex/amscls/amsthm.sty
Package: amsthm 2020/05/29 v2.20.6
\thm@style=\toks25
\thm@bodyfont=\toks26
\thm@headfont=\toks27
\thm@notefont=\toks28
\thm@headpunct=\toks29
\thm@preskip=\skip66
\thm@postskip=\skip67
\thm@headsep=\skip68
\dth@everypar=\toks30
)
\c@theorem=\count316
\c@lemma=\count317
\c@corollary=\count318
\c@proposition=\count319
\c@conjecture=\count320
\c@definition=\count321
\c@example=\count322
\c@exercise=\count323
\c@hypothesis=\count324
(./Metode_Numerik.aux)
\openout1 = `Metode_Numerik.aux'.

LaTeX Font Info:    Checking defaults for OML/cmm/m/it on input line 144.
LaTeX Font Info:    ... okay on input line 144.
LaTeX Font Info:    Checking defaults for OMS/cmsy/m/n on input line 144.
LaTeX Font Info:    ... okay on input line 144.
LaTeX Font Info:    Checking defaults for OT1/cmr/m/n on input line 144.
LaTeX Font Info:    ... okay on input line 144.
LaTeX Font Info:    Checking defaults for T1/cmr/m/n on input line 144.
LaTeX Font Info:    ... okay on input line 144.
LaTeX Font Info:    Checking defaults for TS1/cmr/m/n on input line 144.
LaTeX Font Info:    ... okay on input line 144.
LaTeX Font Info:    Checking defaults for TU/lmr/m/n on input line 144.
LaTeX Font Info:    ... okay on input line 144.
LaTeX Font Info:    Checking defaults for OMX/cmex/m/n on input line 144.
LaTeX Font Info:    ... okay on input line 144.
LaTeX Font Info:    Checking defaults for U/cmr/m/n on input line 144.
LaTeX Font Info:    ... okay on input line 144.
LaTeX Font Info:    Checking defaults for PD1/pdf/m/n on input line 144.
LaTeX Font Info:    ... okay on input line 144.
LaTeX Font Info:    Checking defaults for PU/pdf/m/n on input line 144.
LaTeX Font Info:    ... okay on input line 144.
LaTeX Font Info:    Overwriting math alphabet `\mathrm' in version `normal'
(Font)                  OT1/lmr/m/n --> TU/lmr/m/n on input line 144.
LaTeX Font Info:    Overwriting math alphabet `\mathit' in version `normal'
(Font)                  OT1/lmr/m/it --> TU/lmr/m/it on input line 144.
LaTeX Font Info:    Overwriting math alphabet `\mathbf' in version `normal'
(Font)                  OT1/lmr/bx/n --> TU/lmr/bx/n on input line 144.
LaTeX Font Info:    Overwriting math alphabet `\mathsf' in version `normal'
(Font)                  OT1/lmss/m/n --> TU/lmss/m/n on input line 144.
LaTeX Font Info:    Overwriting math alphabet `\mathsf' in version `bold'
(Font)                  OT1/lmss/bx/n --> TU/lmss/bx/n on input line 144.
LaTeX Font Info:    Overwriting math alphabet `\mathtt' in version `normal'
(Font)                  OT1/lmtt/m/n --> TU/lmtt/m/n on input line 144.
LaTeX Font Info:    Overwriting math alphabet `\mathtt' in version `bold'
(Font)                  OT1/lmtt/m/n --> TU/lmtt/bx/n on input line 144.

Package fontspec Info: latinmodern-math scale = 0.9999964596882403.


Package fontspec Info: latinmodern-math scale = 0.9999964596882403.


Package fontspec Info: latinmodern-math scale = 0.9999964596882403.


Package fontspec Info: Font family 'latinmodern-math.otf(0)' created for font
(fontspec)             'latinmodern-math.otf' with options
(fontspec)             [Scale=MatchLowercase,BoldItalicFont={},ItalicFont={},SmallCapsFont={},Script=Math,BoldFont={latinmodern-math.otf}].
(fontspec)              
(fontspec)              This font family consists of the following NFSS
(fontspec)             series/shapes:
(fontspec)              
(fontspec)             - 'normal' (m/n) with NFSS spec.:
(fontspec)             <->s*[0.9999964596882403]"[latinmodern-math.otf]/OT:script=math;language=dflt;"
(fontspec)             - 'small caps'  (m/sc) with NFSS spec.: 
(fontspec)             - 'bold' (b/n) with NFSS spec.:
(fontspec)             <->s*[0.9999964596882403]"[latinmodern-math.otf]/OT:script=math;language=dflt;"
(fontspec)             - 'bold small caps'  (b/sc) with NFSS spec.: 

LaTeX Font Info:    Font shape `TU/latinmodern-math.otf(0)/m/n' will be
(Font)              scaled to size 10.0pt on input line 144.

Package fontspec Info: latinmodern-math scale = 0.9999964596882403.


Package fontspec Info: latinmodern-math scale = 0.9999964596882403.


Package fontspec Info: latinmodern-math scale = 0.9999964596882403.


Package fontspec Info: latinmodern-math scale = 0.9999964596882403.


Package fontspec Info: latinmodern-math scale = 0.9999964596882403.


Package fontspec Info: Font family 'latinmodern-math.otf(1)' created for font
(fontspec)             'latinmodern-math.otf' with options
(fontspec)             [Scale=MatchLowercase,BoldItalicFont={},ItalicFont={},SmallCapsFont={},Script=Math,SizeFeatures={{Size=8.5-},{Size=6-8.5,Font=latinmodern-math.otf,Style=MathScript},{Size=-6,Font=latinmodern-math.otf,Style=MathScriptScript}},BoldFont={latinmodern-math.otf}].
(fontspec)              
(fontspec)              This font family consists of the following NFSS
(fontspec)             series/shapes:
(fontspec)              
(fontspec)             - 'normal' (m/n) with NFSS spec.:
(fontspec)             <8.5->s*[0.9999964596882403]"[latinmodern-math.otf]/OT:script=math;language=dflt;"<6-8.5>s*[0.9999964596882403]"[latinmodern-math.otf]/OT:script=math;language=dflt;+ssty=0;"<-6>s*[0.9999964596882403]"[latinmodern-math.otf]/OT:script=math;language=dflt;+ssty=1;"
(fontspec)             - 'small caps'  (m/sc) with NFSS spec.: 
(fontspec)             - 'bold' (b/n) with NFSS spec.:
(fontspec)             <->s*[0.9999964596882403]"[latinmodern-math.otf]/OT:script=math;language=dflt;"
(fontspec)             - 'bold small caps'  (b/sc) with NFSS spec.: 

LaTeX Font Info:    Font shape `TU/latinmodern-math.otf(1)/m/n' will be
(Font)              scaled to size 10.0pt on input line 144.
LaTeX Font Info:    Encoding `OT1' has changed to `TU' for symbol font
(Font)              `operators' in the math version `normal' on input line 144.
LaTeX Font Info:    Overwriting symbol font `operators' in version `normal'
(Font)                  OT1/lmr/m/n --> TU/latinmodern-math.otf(1)/m/n on input line 144.
LaTeX Font Info:    Encoding `OT1' has changed to `TU' for symbol font
(Font)              `operators' in the math version `bold' on input line 144.
LaTeX Font Info:    Overwriting symbol font `operators' in version `bold'
(Font)                  OT1/lmr/bx/n --> TU/latinmodern-math.otf(1)/b/n on input line 144.

Package fontspec Info: latinmodern-math scale = 0.9999964596882403.


Package fontspec Info: latinmodern-math scale = 1.000096459334209.


Package fontspec Info: latinmodern-math scale = 0.9999964596882403.


Package fontspec Info: latinmodern-math scale = 1.000096459334209.


Package fontspec Info: latinmodern-math scale = 0.9999964596882403.


Package fontspec Info: latinmodern-math scale = 1.000096459334209.


Package fontspec Info: latinmodern-math scale = 0.9999964596882403.


Package fontspec Info: latinmodern-math scale = 1.000096459334209.


Package fontspec Info: latinmodern-math scale = 0.9999964596882403.


Package fontspec Info: latinmodern-math scale = 1.000096459334209.


Package fontspec Info: Font family 'latinmodern-math.otf(2)' created for font
(fontspec)             'latinmodern-math.otf' with options
(fontspec)             [Scale=MatchLowercase,BoldItalicFont={},ItalicFont={},SmallCapsFont={},Script=Math,SizeFeatures={{Size=8.5-},{Size=6-8.5,Font=latinmodern-math.otf,Style=MathScript},{Size=-6,Font=latinmodern-math.otf,Style=MathScriptScript}},BoldFont={latinmodern-math.otf},ScaleAgain=1.0001,FontAdjustment={\fontdimen
(fontspec)             8\font =6.77pt\relax \fontdimen 9\font =3.94pt\relax
(fontspec)             \fontdimen 10\font =4.44pt\relax \fontdimen 11\font
(fontspec)             =6.86pt\relax \fontdimen 12\font =3.45pt\relax
(fontspec)             \fontdimen 13\font =3.63pt\relax \fontdimen 14\font
(fontspec)             =3.63pt\relax \fontdimen 15\font =2.89pt\relax
(fontspec)             \fontdimen 16\font =2.47pt\relax \fontdimen 17\font
(fontspec)             =2.47pt\relax \fontdimen 18\font =2.5pt\relax
(fontspec)             \fontdimen 19\font =2.0pt\relax \fontdimen 22\font
(fontspec)             =2.5pt\relax \fontdimen 20\font =0pt\relax \fontdimen
(fontspec)             21\font =0pt\relax }].
(fontspec)              
(fontspec)              This font family consists of the following NFSS
(fontspec)             series/shapes:
(fontspec)              
(fontspec)             - 'normal' (m/n) with NFSS spec.:
(fontspec)             <8.5->s*[1.000096459334209]"[latinmodern-math.otf]/OT:script=math;language=dflt;"<6-8.5>s*[1.000096459334209]"[latinmodern-math.otf]/OT:script=math;language=dflt;+ssty=0;"<-6>s*[1.000096459334209]"[latinmodern-math.otf]/OT:script=math;language=dflt;+ssty=1;"
(fontspec)             - 'small caps'  (m/sc) with NFSS spec.: 
(fontspec)             and font adjustment code:
(fontspec)             \fontdimen 8\font =6.77pt\relax \fontdimen 9\font
(fontspec)             =3.94pt\relax \fontdimen 10\font =4.44pt\relax
(fontspec)             \fontdimen 11\font =6.86pt\relax \fontdimen 12\font
(fontspec)             =3.45pt\relax \fontdimen 13\font =3.63pt\relax
(fontspec)             \fontdimen 14\font =3.63pt\relax \fontdimen 15\font
(fontspec)             =2.89pt\relax \fontdimen 16\font =2.47pt\relax
(fontspec)             \fontdimen 17\font =2.47pt\relax \fontdimen 18\font
(fontspec)             =2.5pt\relax \fontdimen 19\font =2.0pt\relax \fontdimen
(fontspec)             22\font =2.5pt\relax \fontdimen 20\font =0pt\relax
(fontspec)             \fontdimen 21\font =0pt\relax 
(fontspec)             - 'bold' (b/n) with NFSS spec.:
(fontspec)             <->s*[1.000096459334209]"[latinmodern-math.otf]/OT:script=math;language=dflt;"
(fontspec)             - 'bold small caps'  (b/sc) with NFSS spec.: 
(fontspec)             and font adjustment code:
(fontspec)             \fontdimen 8\font =6.77pt\relax \fontdimen 9\font
(fontspec)             =3.94pt\relax \fontdimen 10\font =4.44pt\relax
(fontspec)             \fontdimen 11\font =6.86pt\relax \fontdimen 12\font
(fontspec)             =3.45pt\relax \fontdimen 13\font =3.63pt\relax
(fontspec)             \fontdimen 14\font =3.63pt\relax \fontdimen 15\font
(fontspec)             =2.89pt\relax \fontdimen 16\font =2.47pt\relax
(fontspec)             \fontdimen 17\font =2.47pt\relax \fontdimen 18\font
(fontspec)             =2.5pt\relax \fontdimen 19\font =2.0pt\relax \fontdimen
(fontspec)             22\font =2.5pt\relax \fontdimen 20\font =0pt\relax
(fontspec)             \fontdimen 21\font =0pt\relax 

LaTeX Font Info:    Encoding `OMS' has changed to `TU' for symbol font
(Font)              `symbols' in the math version `normal' on input line 144.
LaTeX Font Info:    Overwriting symbol font `symbols' in version `normal'
(Font)                  OMS/lmsy/m/n --> TU/latinmodern-math.otf(2)/m/n on input line 144.
LaTeX Font Info:    Encoding `OMS' has changed to `TU' for symbol font
(Font)              `symbols' in the math version `bold' on input line 144.
LaTeX Font Info:    Overwriting symbol font `symbols' in version `bold'
(Font)                  OMS/lmsy/b/n --> TU/latinmodern-math.otf(2)/b/n on input line 144.

Package fontspec Info: latinmodern-math scale = 0.9999964596882403.


Package fontspec Info: latinmodern-math scale = 0.9998964600422715.


Package fontspec Info: latinmodern-math scale = 0.9999964596882403.


Package fontspec Info: latinmodern-math scale = 0.9998964600422715.


Package fontspec Info: latinmodern-math scale = 0.9999964596882403.


Package fontspec Info: latinmodern-math scale = 0.9998964600422715.


Package fontspec Info: latinmodern-math scale = 0.9999964596882403.


Package fontspec Info: latinmodern-math scale = 0.9998964600422715.


Package fontspec Info: latinmodern-math scale = 0.9999964596882403.


Package fontspec Info: latinmodern-math scale = 0.9998964600422715.


Package fontspec Info: Font family 'latinmodern-math.otf(3)' created for font
(fontspec)             'latinmodern-math.otf' with options
(fontspec)             [Scale=MatchLowercase,BoldItalicFont={},ItalicFont={},SmallCapsFont={},Script=Math,SizeFeatures={{Size=8.5-},{Size=6-8.5,Font=latinmodern-math.otf,Style=MathScript},{Size=-6,Font=latinmodern-math.otf,Style=MathScriptScript}},BoldFont={latinmodern-math.otf},ScaleAgain=0.9999,FontAdjustment={\fontdimen
(fontspec)             8\font =0.4pt\relax \fontdimen 9\font =2.0pt\relax
(fontspec)             \fontdimen 10\font =1.67pt\relax \fontdimen 11\font
(fontspec)             =1.11pt\relax \fontdimen 12\font =6.0pt\relax
(fontspec)             \fontdimen 13\font =0pt\relax }].
(fontspec)              
(fontspec)              This font family consists of the following NFSS
(fontspec)             series/shapes:
(fontspec)              
(fontspec)             - 'normal' (m/n) with NFSS spec.:
(fontspec)             <8.5->s*[0.9998964600422715]"[latinmodern-math.otf]/OT:script=math;language=dflt;"<6-8.5>s*[0.9998964600422715]"[latinmodern-math.otf]/OT:script=math;language=dflt;+ssty=0;"<-6>s*[0.9998964600422715]"[latinmodern-math.otf]/OT:script=math;language=dflt;+ssty=1;"
(fontspec)             - 'small caps'  (m/sc) with NFSS spec.: 
(fontspec)             and font adjustment code:
(fontspec)             \fontdimen 8\font =0.4pt\relax \fontdimen 9\font
(fontspec)             =2.0pt\relax \fontdimen 10\font =1.67pt\relax
(fontspec)             \fontdimen 11\font =1.11pt\relax \fontdimen 12\font
(fontspec)             =6.0pt\relax \fontdimen 13\font =0pt\relax 
(fontspec)             - 'bold' (b/n) with NFSS spec.:
(fontspec)             <->s*[0.9998964600422715]"[latinmodern-math.otf]/OT:script=math;language=dflt;"
(fontspec)             - 'bold small caps'  (b/sc) with NFSS spec.: 
(fontspec)             and font adjustment code:
(fontspec)             \fontdimen 8\font =0.4pt\relax \fontdimen 9\font
(fontspec)             =2.0pt\relax \fontdimen 10\font =1.67pt\relax
(fontspec)             \fontdimen 11\font =1.11pt\relax \fontdimen 12\font
(fontspec)             =6.0pt\relax \fontdimen 13\font =0pt\relax 

LaTeX Font Info:    Encoding `OMX' has changed to `TU' for symbol font
(Font)              `largesymbols' in the math version `normal' on input line 144.
LaTeX Font Info:    Overwriting symbol font `largesymbols' in version `normal'
(Font)                  OMX/lmex/m/n --> TU/latinmodern-math.otf(3)/m/n on input line 144.
LaTeX Font Info:    Encoding `OMX' has changed to `TU' for symbol font
(Font)              `largesymbols' in the math version `bold' on input line 144.
LaTeX Font Info:    Overwriting symbol font `largesymbols' in version `bold'
(Font)                  OMX/lmex/m/n --> TU/latinmodern-math.otf(3)/b/n on input line 144.
Package hyperref Info: Link coloring OFF on input line 144.
(./Metode_Numerik.out) (./Metode_Numerik.out)
\@outlinefile=\write4
\openout4 = `Metode_Numerik.out'.

LaTeX Font Info:    Font shape `TU/latinmodern-math.otf(1)/m/n' will be
(Font)              scaled to size 12.0pt on input line 146.
LaTeX Font Info:    Font shape `TU/latinmodern-math.otf(1)/m/n' will be
(Font)              scaled to size 8.0pt on input line 146.
LaTeX Font Info:    Font shape `TU/latinmodern-math.otf(1)/m/n' will be
(Font)              scaled to size 6.0pt on input line 146.
LaTeX Font Info:    Trying to load font information for OML+lmm on input line 146.
(c:/Users/user/AppData/Roaming/TinyTeX/texmf-dist/tex/latex/lm/omllmm.fd
File: omllmm.fd 2015/05/01 v1.6.1 Font defs for Latin Modern
)
LaTeX Font Info:    Font shape `TU/latinmodern-math.otf(2)/m/n' will be
(Font)              scaled to size 12.0011pt on input line 146.
LaTeX Font Info:    Font shape `TU/latinmodern-math.otf(2)/m/n' will be
(Font)              scaled to size 8.00073pt on input line 146.
LaTeX Font Info:    Font shape `TU/latinmodern-math.otf(2)/m/n' will be
(Font)              scaled to size 6.00055pt on input line 146.
LaTeX Font Info:    Font shape `TU/latinmodern-math.otf(3)/m/n' will be
(Font)              scaled to size 11.99872pt on input line 146.
LaTeX Font Info:    Font shape `TU/latinmodern-math.otf(3)/m/n' will be
(Font)              scaled to size 7.99915pt on input line 146.
LaTeX Font Info:    Font shape `TU/latinmodern-math.otf(3)/m/n' will be
(Font)              scaled to size 5.99936pt on input line 146.
LaTeX Font Info:    Trying to load font information for U+msa on input line 146.
(c:/Users/user/AppData/Roaming/TinyTeX/texmf-dist/tex/latex/amsfonts/umsa.fd
File: umsa.fd 2013/01/14 v3.01 AMS symbols A
)
LaTeX Font Info:    Trying to load font information for U+msb on input line 146.
(c:/Users/user/AppData/Roaming/TinyTeX/texmf-dist/tex/latex/amsfonts/umsb.fd
File: umsb.fd 2013/01/14 v3.01 AMS symbols B
)
Overfull \hbox (50.70009pt too wide) in paragraph at lines 146--146
 [][] 
 []

[1


] [2

] (./Metode_Numerik.toc
LaTeX Font Info:    Font shape `TU/latinmodern-math.otf(1)/m/n' will be
(Font)              scaled to size 7.0pt on input line 2.
LaTeX Font Info:    Font shape `TU/latinmodern-math.otf(1)/m/n' will be
(Font)              scaled to size 5.0pt on input line 2.
LaTeX Font Info:    Font shape `TU/latinmodern-math.otf(2)/m/n' will be
(Font)              scaled to size 10.00092pt on input line 2.
LaTeX Font Info:    Font shape `TU/latinmodern-math.otf(2)/m/n' will be
(Font)              scaled to size 7.00064pt on input line 2.
LaTeX Font Info:    Font shape `TU/latinmodern-math.otf(2)/m/n' will be
(Font)              scaled to size 5.00046pt on input line 2.
LaTeX Font Info:    Font shape `TU/latinmodern-math.otf(3)/m/n' will be
(Font)              scaled to size 9.99893pt on input line 2.
LaTeX Font Info:    Font shape `TU/latinmodern-math.otf(3)/m/n' will be
(Font)              scaled to size 6.99925pt on input line 2.
LaTeX Font Info:    Font shape `TU/latinmodern-math.otf(3)/m/n' will be
(Font)              scaled to size 4.99947pt on input line 2.

Underfull \hbox (badness 7814) in paragraph at lines 47--47
 [][] [][]\TU/lmr/m/n/10 Penyelesaian Persamaan Non-Linier Menggunakan Fungsi 
 []

[3]
Overfull \hbox (19.31009pt too wide) in paragraph at lines 79--79
 [][] [][]\TU/lmr/m/n/10 Metode Gauss-Legendre Menggunakan Fungsi \TU/lmtt/m/n/10 legendre.quadrature()[] [][]  
 []

[4])
\tf@toc=\write5
\openout5 = `Metode_Numerik.toc'.

[5] [6

] [7]
Underfull \hbox (badness 1622) in paragraph at lines 198--199
\TU/lmr/m/n/10 saikan gelar Matematika dari Universitas Padjadjaran pada tahun
 []


Underfull \hbox (badness 1609) in paragraph at lines 204--205
\TU/lmr/m/n/10 dosen yang sekaligus menjabad sebagai Sekerataris Program Studi
 []


Underfull \hbox (badness 2529) in paragraph at lines 204--205
\TU/lmr/m/n/10 terbaiknya dalam Pengajaran, Penelitian dan Pengabdian Kepada
 []


Underfull \hbox (badness 2426) in paragraph at lines 204--205
\TU/lmr/m/n/10 mampu memberikan wawasan berharga tentang penerapan konsep
 []


Underfull \vbox (badness 10000) has occurred while \output is active []

[8] [9] [10

]
Chapter 1.
[11] [12]
File: ./images/akurasi.png Graphic file (type bmp)
<./images/akurasi.png>
[13] [14] [15] [16

]
Chapter 2.

LaTeX Warning: Reference `vector' on page 17 undefined on input line 417.


LaTeX Warning: Reference `matriks' on page 17 undefined on input line 417.

[17]
LaTeX Font Info:    Font shape `TU/lmtt/bx/n' in size <10> not available
(Font)              Font shape `TU/lmtt/b/n' tried instead on input line 486.
[18] [19] [20] [21]

LaTeX Warning: Reference `assigningvar' on page 22 undefined on input line 761.

[22]

LaTeX Warning: Reference `assigningvar' on page 23 undefined on input line 826.

[23]

LaTeX Warning: Reference `assigningvar' on page 24 undefined on input line 828.

[24] [25] [26] [27] [28] [29] [30] [31] [32] [33]
Underfull \hbox (badness 2384) in paragraph at lines 1527--1528
[]\TU/lmr/m/n/10 Pada beberapa \TU/lmr/m/it/10 textbook\TU/lmr/m/n/10 , diagonal matriks sering dilambangkan dengan
 []


Underfull \hbox (badness 1082) in paragraph at lines 1527--1528
[]$\TU/lmr/m/n/10 (diagonal bawah), $[]$(diagonal tengah), dan $[]$ (diagonal atas). Bentuk
 []

[34]

LaTeX Font Warning: Font shape `TU/lmtt/bx/it' in size <10> not available
(Font)              Font shape `TU/lmtt/b/sl' tried instead on input line 1623.


Underfull \hbox (badness 1521) in paragraph at lines 1644--1645
[][]\TU/lmr/bx/n/10 Contoh 2.5. []\TU/lmr/m/n/10 Selesaikan sistem persamaan berikut menggunakan fungsi
 []

[35]
Overfull \hbox (8.49pt too wide) in paragraph at lines 1675--1676
[]\TU/lmr/m/n/10 Untuk menyelesaikan persamaan tersebut menggunakan fungsi \TU/lmtt/m/n/10 tridiagmatrix()\TU/lmr/m/n/10 ,
 []

LaTeX Font Info:    Font shape `TU/lmtt/bx/n' in size <12> not available
(Font)              Font shape `TU/lmtt/b/n' tried instead on input line 1716.

Underfull \hbox (badness 1496) in paragraph at lines 1716--1716
[]\TU/lmr/bx/n/12 Penyelesaian Sistem Persamaan Linier Menggu-
 []

[36]
Underfull \hbox (badness 1337) in paragraph at lines 1754--1755
[]\TU/lmr/m/n/10 Jika kita hanya memasukkan matriks persegi, maka output yang akan
 []


Underfull \hbox (badness 1496) in paragraph at lines 1785--1785
[]\TU/lmr/bx/n/12 Penyelesaian Sistem Persamaan Linier Menggu-
 []

[37] [38] [39]
File: ./images/LU.png Graphic file (type bmp)
<./images/LU.png>
[40] [41] [42] [43] [44] [45] [46]
Overfull \hbox (85.5pt too wide) in paragraph at lines 2346--2346
[]\TU/lmtt/m/n/10 ## 'MatrixFactorization' of Formal class 'denseLU' [package "Matrix"] with 4 slots[] 
 []

[47]
Overfull \hbox (65.7511pt too wide) detected at line 2413
[][][][] [] [] []
 []

[48] [49]
Underfull \hbox (badness 2103) in paragraph at lines 2510--2511
[][]\TU/lmr/bx/n/10 Contoh 2.8. []\TU/lmr/m/n/10 Dengan menggunakan fungsi \TU/lmtt/m/n/10 cholesky_solve()\TU/lmr/m/n/10 , lakukan
 []

[50]
Underfull \hbox (badness 6268) in paragraph at lines 2586--2587
[]\TU/lmr/m/n/10 Fungsi \TU/lmtt/m/n/10 chol() \TU/lmr/m/n/10 hanya menampilkan matriks $[][]$. Untuk
 []

[51]
Underfull \hbox (badness 4108) in paragraph at lines 2599--2600
[]\TU/lmr/m/n/10 Untuk memperoleh informasi terkait dekomposisi ini, pembaca dapat
 []

[52] [53] [54] [55] [56] [57] [58] [59] [60] [61] [62] [63]
Overfull \hbox (15.45001pt too wide) in paragraph at lines 3298--3299
[]\TU/lmr/m/n/10 Penyelesaiansistem persamaan linier tersebut menggunakan fungsi \TU/lmtt/m/n/10 gauss_seidel()
 []

[64]
Overfull \hbox (33.0pt too wide) in paragraph at lines 3368--3368
[]\TU/lmtt/m/n/10 ##  $ Volume: num  10.3 10.3 10.2 16.4 18.8 19.7 15.6 18.2 22.6 19.9 ...[] 
 []

File: Metode_Numerik_files/figure-latex/trees, LUfig-1.pdf Graphic file (type pdf)
<use Metode_Numerik_files/figure-latex/trees, LUfig-1.pdf>
[65] [66] [67] [68]
File: ./images/reaktor.jpeg Graphic file (type bmp)
<./images/reaktor.jpeg>
[69] [70] [71] [72] [73] [74

]
Chapter 3.
File: ./images/root.png Graphic file (type bmp)
<./images/root.png>
File: ./images/Bolzano.png Graphic file (type bmp)
<./images/Bolzano.png>
[75] [76]
File: ./images/tabelviz.png Graphic file (type bmp)
<./images/tabelviz.png>
[77] [78] [79]
File: Metode_Numerik_files/figure-latex/tabelplot-1.pdf Graphic file (type pdf)
<use Metode_Numerik_files/figure-latex/tabelplot-1.pdf>
File: ./images/biseksi.png Graphic file (type bmp)
<./images/biseksi.png>
[80] [81] [82]
Underfull \hbox (badness 7888) in paragraph at lines 4160--4161
[]\TU/lmr/m/n/10 Untuk mempersingkat waktu iterasi kita akan menggunakan fungsi
 []

[83]
File: ./images/regula.png Graphic file (type bmp)
<./images/regula.png>
[84] [85] [86]
File: ./images/fixpointiter.png Graphic file (type bmp)
<./images/fixpointiter.png>
[87] [88]
File: ./images/nrviz.png Graphic file (type bmp)
<./images/nrviz.png>
[89] [90]
Underfull \hbox (badness 7558) in paragraph at lines 4542--4543
[]\TU/lmr/m/n/10 Untuk mempercepat proses iterasi, kita dapat menggunakan fungsi
 []

File: ./images/nrviz2.png Graphic file (type bmp)
<./images/nrviz2.png>
File: ./images/nrviz3.png Graphic file (type bmp)
<./images/nrviz3.png>
[91] [92] [93] [94]
Overfull \hbox (8.85pt too wide) in paragraph at lines 4738--4739
[]\TU/lmr/m/n/10 Untuk mempercepat proses iterasi kita dapat menggunakan fungsi \TU/lmtt/m/n/10 root_secant()
 []

LaTeX Font Info:    Font shape `TU/lmtt/bx/n' in size <14.4> not available
(Font)              Font shape `TU/lmtt/b/n' tried instead on input line 4765.

Overfull \hbox (149.37234pt too wide) has occurred while \output is active
\TU/lmr/m/sl/10 3.3.  PENYELESAIAN PERSAMAAN NON-LINIER MENGGUNAKAN FUNGSI \TU/lmtt/m/sl/10 UNIROOT \TU/lmr/m/sl/10 DAN \TU/lmtt/m/sl/10 UNIROOT.ALL \TU/lmr/m/n/10 95
 []

[95] [96]
Overfull \hbox (25.06454pt too wide) has occurred while \output is active
\TU/lmr/m/sl/10 3.4.  AKAR PERSAMAAN POLINOMIAL MENGGUNAKAN FUNGSI \TU/lmtt/m/sl/10 POLYROOT \TU/lmr/m/n/10 97
 []

[97]
File: ./images/bernoulli.jpeg Graphic file (type bmp)
<./images/bernoulli.jpeg>
[98]
Overfull \hbox (111.75pt too wide) in paragraph at lines 4989--4989
[]\TU/lmtt/m/n/10 ##   (h^3) + ((0.075-((1.2^2)/(2*9.81*(1.8^2)*(0.6^2))))*h^2)+ (1.2^2/(2*9.81*(1.8^2)))[] 
 []

[99]
Underfull \hbox (badness 1430) in paragraph at lines 5032--5033
\TU/lmr/m/n/10 sukkan satu vektor \TU/lmtt/m/n/10 interval \TU/lmr/m/n/10 kedalam fungsi tersebut! (\TU/lmr/bx/n/10 contoh\TU/lmr/m/n/10 :
 []

[100] [101] [102

]
Chapter 4.
[103] [104]
Underfull \hbox (badness 2961) in paragraph at lines 5113--5114
[]\TU/lmr/m/n/10 Masukkan vektor-vektor yang telah terbentuk tersebut kedalam fungsi
 []


Overfull \hbox (2.27pt too wide) in paragraph at lines 5127--5128
[]\TU/lmr/m/n/10 Kita dapat meningkatkan efisiensi proses perhitungan pada fungsi \TU/lmtt/m/n/10 naive_poly()
 []

[105]
Underfull \hbox (badness 4353) in paragraph at lines 5170--5171
[]\TU/lmr/m/n/10 Sejauh ini kita telah membentuk 2 fungsi yaitu \TU/lmtt/m/n/10 naive_poly() \TU/lmr/m/n/10 dan
 []

[106] [107] [108]
Underfull \hbox (badness 10000) in paragraph at lines 5303--5304
[]\TU/lmr/m/n/10 Kita dapat pula membentuk persamaan linier menggunakan fungsi
 []

File: ./images/linviz.png Graphic file (type bmp)
<./images/linviz.png>
[109] [110] [111] [112]
File: ./images/hopoliviz.png Graphic file (type bmp)
<./images/hopoliviz.png>
[113] [114] [115]
File: ./images/pwiselinviz.png Graphic file (type bmp)
<./images/pwiselinviz.png>
[116] [117] [118] [119] [120] [121]
File: ./images/cubicsplineviz.png Graphic file (type bmp)
<./images/cubicsplineviz.png>
[122] [123]
Overfull \hbox (6.75pt too wide) in paragraph at lines 5996--5996
[]\TU/lmtt/m/n/10 ##  $ Wind   : num  7.4 8 12.6 11.5 14.3 14.9 8.6 13.8 20.1 8.6 ...[] 
 []

File: Metode_Numerik_files/figure-latex/timeviz-1.pdf Graphic file (type pdf)
<use Metode_Numerik_files/figure-latex/timeviz-1.pdf>
[124] [125]
File: Metode_Numerik_files/figure-latex/timeviz2-1.pdf Graphic file (type pdf)
<use Metode_Numerik_files/figure-latex/timeviz2-1.pdf>
File: Metode_Numerik_files/figure-latex/timeviz3-1.pdf Graphic file (type pdf)
<use Metode_Numerik_files/figure-latex/timeviz3-1.pdf>
File: Metode_Numerik_files/figure-latex/timeviz4-1.pdf Graphic file (type pdf)
<use Metode_Numerik_files/figure-latex/timeviz4-1.pdf>
File: Metode_Numerik_files/figure-latex/timeviz5-1.pdf Graphic file (type pdf)
<use Metode_Numerik_files/figure-latex/timeviz5-1.pdf>
[126] [127] [128]
Chapter 5.
[129

] [130] [131]
Underfull \hbox (badness 1320) in paragraph at lines 6317--6317
[]\TU/lmr/bx/n/12 Diferensiasi Metode Titik Pusat Mengggunakan
 []

[132] [133] [134] [135] [136] [137]
Underfull \hbox (badness 1571) in paragraph at lines 6654--6655
[]\TU/lmr/m/n/10 Penyelesaian numerik menggunakan metode titik tengah dengan jumlah
 []


Underfull \hbox (badness 2521) in paragraph at lines 6658--6660
\TU/lmr/m/n/10 Untuk meningkatkan akurasi dari nilai yang dihasilkan, jumlah panel
 []


Underfull \hbox (badness 1178) in paragraph at lines 6658--6660
\TU/lmr/m/n/10 dapat ditingkatkan. Untuk jumlah panel 4, titik tengah berada pada
 []

File: ./images/midpt.png Graphic file (type bmp)
<./images/midpt.png>
[138] [139]
File: Metode_Numerik_files/figure-latex/midpt2-1.pdf Graphic file (type pdf)
<use Metode_Numerik_files/figure-latex/midpt2-1.pdf>
File: ./images/trapviz.png Graphic file (type bmp)
<./images/trapviz.png>
[140] [141]
File: ./images/trapviz2.png Graphic file (type bmp)
<./images/trapviz2.png>
[142]
File: Metode_Numerik_files/figure-latex/trapviz3-1.pdf Graphic file (type pdf)
<use Metode_Numerik_files/figure-latex/trapviz3-1.pdf>
[143] [144] [145] [146]
Underfull \hbox (badness 2326) in paragraph at lines 7078--7078
[]\TU/lmr/bx/n/14.4 Metode Integrasi Newton-Cotes Mengu-
 []

[147] [148] [149]
File: ./images/gaussviz.png Graphic file (type bmp)
<./images/gaussviz.png>
[150] [151] [152] [153]
Underfull \hbox (badness 10000) in paragraph at lines 7338--7338
[]\TU/lmr/bx/n/14.4 Metode Gauss-Legendre Menggunakan
 []

[154] [155]
Underfull \hbox (badness 1107) in paragraph at lines 7445--7446
[]\TU/lmr/m/n/10 Jika kita dapat menemukan sesuatu tentang \TU/lmr/m/it/10 error \TU/lmr/m/n/10 tersebut, kita dapat
 []

[156] [157]
Underfull \hbox (badness 5908) in paragraph at lines 7574--7574
[]\TU/lmr/bx/n/14.4 Metode Integral Adaptif Menggunakan
 []

[158]
Overfull \hbox (56.57234pt too wide) has occurred while \output is active
\TU/lmr/m/sl/10 5.8.  METODE INTEGRAL ADAPTIF MENGGUNAKAN FUNGSI LAINNYA PADA \TU/lmtt/m/sl/10 R \TU/lmr/m/n/10 159
 []

[159] [160] [161] [162]
Overfull \hbox (32.78455pt too wide) has occurred while \output is active
\TU/lmr/m/sl/10 5.10.  METODE INTEGRASI ROMBERG MENGGUNAKAN FUNGSI LAINNYA \TU/lmr/m/n/10 163
 []

[163]
File: ./images/monte.png Graphic file (type bmp)
<./images/monte.png>
[164] [165] [166] [167] [168] [169] [170]
Chapter 6.
[171

] [172] [173]
File: Metode_Numerik_files/figure-latex/eulerviz-1.pdf Graphic file (type pdf)
<use Metode_Numerik_files/figure-latex/eulerviz-1.pdf>

Underfull \vbox (badness 10000) has occurred while \output is active []

[174] [175]
File: Metode_Numerik_files/figure-latex/heunviz-1.pdf Graphic file (type pdf)
<use Metode_Numerik_files/figure-latex/heunviz-1.pdf>
[176] [177]
File: Metode_Numerik_files/figure-latex/midviz-1.pdf Graphic file (type pdf)
<use Metode_Numerik_files/figure-latex/midviz-1.pdf>
[178] [179] [180]
File: Metode_Numerik_files/figure-latex/rkviz-1.pdf Graphic file (type pdf)
<use Metode_Numerik_files/figure-latex/rkviz-1.pdf>
[181] [182]
File: Metode_Numerik_files/figure-latex/adamviz-1.pdf Graphic file (type pdf)
<use Metode_Numerik_files/figure-latex/adamviz-1.pdf>
[183]
Underfull \vbox (badness 2591) has occurred while \output is active []

[184]
File: Metode_Numerik_files/figure-latex/sysdiffviz-1.pdf Graphic file (type pdf)
<use Metode_Numerik_files/figure-latex/sysdiffviz-1.pdf>
[185] [186]
Underfull \hbox (badness 2409) in paragraph at lines 8868--8870
[]\TU/lmr/m/n/10 bdf_d: menggunakan formula diferensiasi mundur
 []


Underfull \hbox (badness 1852) in paragraph at lines 8872--8874
\TU/lmr/m/n/10 iterasi Newton-Raphson. Metode ini setara dengan
 []


Overfull \hbox (271.31018pt too wide) has occurred while \output is active
\TU/lmr/m/sl/10 6.3.  PENYELESAIAN PERSAMAAN DIFERENSIAL DAN SISTEM PERSAMAAN DIFERENSIAL MENGGUNAKAN FUNGSI \TU/lmtt/m/sl/10 ODE() \TU/lmr/m/n/10 187
 []

[187]
File: Metode_Numerik_files/figure-latex/sysdiffviz2-1.pdf Graphic file (type pdf)
<use Metode_Numerik_files/figure-latex/sysdiffviz2-1.pdf>
[188] [189]
File: Metode_Numerik_files/figure-latex/difusiviz-1.pdf Graphic file (type pdf)
<use Metode_Numerik_files/figure-latex/difusiviz-1.pdf>
[190] [191]
File: Metode_Numerik_files/figure-latex/waveviz-1.pdf Graphic file (type pdf)
<use Metode_Numerik_files/figure-latex/waveviz-1.pdf>
[192]
Underfull \hbox (badness 1546) in paragraph at lines 9132--9133
[]\TU/lmr/m/n/10 Ada banyak pendekatan untuk solusi numerik dari persamaan Laplace.
 []


Underfull \hbox (badness 1735) in paragraph at lines 9132--9133
\TU/lmr/m/n/10 secara berturut-turut didekati dengan rata-rata titik-titik di sekitarnya,
 []

[193]
File: Metode_Numerik_files/figure-latex/laplaceviz-1.pdf Graphic file (type pdf)
<use Metode_Numerik_files/figure-latex/laplaceviz-1.pdf>
[194]
File: Metode_Numerik_files/figure-latex/laplaceviz2-1.pdf Graphic file (type pdf)
<use Metode_Numerik_files/figure-latex/laplaceviz2-1.pdf>

Overfull \hbox (30.64pt too wide) in paragraph at lines 9226--9227
[]\TU/lmtt/m/n/10 ## Penyelesaian Persamaan Diferensial Parsial Menggunakan Paket\TU/lmr/m/n/10 ReacTran 
 []

[195] [196]
Underfull \hbox (badness 1178) in paragraph at lines 9291--9292
[]\TU/lmr/m/n/10 Diberikan fungsi matematis atau matriks data, fungsi \TU/lmtt/m/n/10 setup.prop.1D()
 []

[197] [198]
File: Metode_Numerik_files/figure-latex/advdifviz-1.pdf Graphic file (type pdf)
<use Metode_Numerik_files/figure-latex/advdifviz-1.pdf>
[199] [200]
File: Metode_Numerik_files/figure-latex/wave2viz-1.pdf Graphic file (type pdf)
<use Metode_Numerik_files/figure-latex/wave2viz-1.pdf>
[201] [202]
File: Metode_Numerik_files/figure-latex/lapviz-1.pdf Graphic file (type pdf)
<use Metode_Numerik_files/figure-latex/lapviz-1.pdf>
[203]
File: Metode_Numerik_files/figure-latex/poviz-1.pdf Graphic file (type pdf)
<use Metode_Numerik_files/figure-latex/poviz-1.pdf>
[204] [205]
File: Metode_Numerik_files/figure-latex/lvviz-1.pdf Graphic file (type pdf)
<use Metode_Numerik_files/figure-latex/lvviz-1.pdf>
[206] [207] [208

]
Chapter 7.
[209] [210] [211]
Overfull \hbox (1.5pt too wide) in paragraph at lines 9938--9938
[]\TU/lmtt/m/n/10 ##  $ Sepal.Width : num  3.5 3 3.2 3.1 3.6 3.9 3.4 3.4 2.9 3.1 ...[] 
 []


Overfull \hbox (12.0pt too wide) in paragraph at lines 9938--9938
[]\TU/lmtt/m/n/10 ##  $ Petal.Length: num  1.4 1.4 1.3 1.5 1.4 1.7 1.4 1.5 1.4 1.5 ...[] 
 []


Overfull \hbox (12.0pt too wide) in paragraph at lines 9938--9938
[]\TU/lmtt/m/n/10 ##  $ Petal.Width : num  0.2 0.2 0.2 0.2 0.2 0.4 0.3 0.2 0.2 0.1 ...[] 
 []


Overfull \hbox (117.0pt too wide) in paragraph at lines 9938--9938
[]\TU/lmtt/m/n/10 ##  $ Species     : Factor w/ 3 levels "setosa","versicolor",..: 1 1 1 1 1 1 1 1 1 1 ...[] 
 []

[212] [213] [214] [215]
Underfull \hbox (badness 1286) in paragraph at lines 10154--10156
\TU/lmr/m/n/10 sis apakah satu sisi(less dan greater), atau dua sisi
 []

[216]
Overfull \hbox (195.75pt too wide) in paragraph at lines 10235--10235
[]\TU/lmtt/m/n/10 ## data:  iris$Sepal.Length[iris$Species == "setosa"] and ii$Sepal.Length[iris$Species == "versicolor"][] 
 []


Overfull \hbox (17.25pt too wide) in paragraph at lines 10235--10235
[]\TU/lmtt/m/n/10 ## alternative hypothesis: true difference in means is not equal to 0[] 
 []

[217]
Overfull \hbox (195.75pt too wide) in paragraph at lines 10253--10253
[]\TU/lmtt/m/n/10 ## data:  iris$Sepal.Length[iris$Species == "setosa"] and ii$Sepal.Length[iris$Species == "versicolor"][] 
 []


Underfull \hbox (badness 1286) in paragraph at lines 10281--10283
\TU/lmr/m/n/10 sis apakah satu sisi(less dan greater), atau dua sisi
 []

[218] [219] [220] [221] [222]
File: Metode_Numerik_files/figure-latex/prcomp-1.pdf Graphic file (type pdf)
<use Metode_Numerik_files/figure-latex/prcomp-1.pdf>
[223]
Underfull \hbox (badness 3068) in paragraph at lines 10515--10515
[]\TU/lmr/bx/n/12 Analisis Cluster Menggunakan Algoritma Pen-
 []

[224]
File: Metode_Numerik_files/figure-latex/hclust-1.pdf Graphic file (type pdf)
<use Metode_Numerik_files/figure-latex/hclust-1.pdf>
[225]
File: Metode_Numerik_files/figure-latex/diana-1.pdf Graphic file (type pdf)
<use Metode_Numerik_files/figure-latex/diana-1.pdf>
[226] [227] [228]
File: Metode_Numerik_files/figure-latex/pam-1.pdf Graphic file (type pdf)
<use Metode_Numerik_files/figure-latex/pam-1.pdf>

Underfull \vbox (badness 10000) has occurred while \output is active []

[229]
Underfull \hbox (badness 10000) in paragraph at lines 10773--10775
[]$[][][][][] [] [] [] [][][][][][] [][] [][][][] [][] [][] [][] [] [][] [][][] [][] [][][][][][][][][][][][] [][] [][][][][][][][] [] [][][][][][][][][][][] [] [][] [] [][] []
 []

[230]
Chapter 8.
[231

] [232]
File: Metode_Numerik_files/figure-latex/slr-1.pdf Graphic file (type pdf)
<use Metode_Numerik_files/figure-latex/slr-1.pdf>
[233] [234] [235]
File: Metode_Numerik_files/figure-latex/mlr1-1.pdf Graphic file (type pdf)
<use Metode_Numerik_files/figure-latex/mlr1-1.pdf>
[236] [237] [238]
File: Metode_Numerik_files/figure-latex/mlr2-1.pdf Graphic file (type pdf)
<use Metode_Numerik_files/figure-latex/mlr2-1.pdf>
[239]
Overfull \hbox (1.5pt too wide) in paragraph at lines 11253--11253
[]\TU/lmtt/m/n/10 ## lm(formula = medv ~ crim + zn + indus + chas + nox + rm + age +[] 
 []

[240]
File: Metode_Numerik_files/figure-latex/mlr3-1.pdf Graphic file (type pdf)
<use Metode_Numerik_files/figure-latex/mlr3-1.pdf>

Underfull \hbox (badness 2478) in paragraph at lines 11280--11280
[]\TU/lmr/bx/n/12 Model Linier dengan Interaksi Antar Variabel
 []

[241] [242]
File: Metode_Numerik_files/figure-latex/lminter-1.pdf Graphic file (type pdf)
<use Metode_Numerik_files/figure-latex/lminter-1.pdf>
[243] [244] [245]
File: Metode_Numerik_files/figure-latex/lmtrans-1.pdf Graphic file (type pdf)
<use Metode_Numerik_files/figure-latex/lmtrans-1.pdf>
[246] [247]
Underfull \hbox (badness 1603) in paragraph at lines 11598--11599
[]\TU/lmr/m/n/10 Gunakan nilai bobot \TU/lmtt/m/n/10 w <- 1/shat^2 \TU/lmr/m/n/10 untuk membentuk model re-
 []


Underfull \hbox (badness 10000) in paragraph at lines 11598--11599
\TU/lmr/m/n/10 gresi dengan pembobotan (\TU/lmtt/m/n/10 fitw <-lm(y~(variabel prediktor),
 []

[248] [249]
File: Metode_Numerik_files/figure-latex/lmw-1.pdf Graphic file (type pdf)
<use Metode_Numerik_files/figure-latex/lmw-1.pdf>
[250]
No file Metode_Numerik.bbl.
[251] (./Metode_Numerik.aux)
 ***********
LaTeX2e <2023-06-01> patch level 1
L3 programming layer <2023-08-11>
 ***********

LaTeX Warning: There were undefined references.

Package rerunfilecheck Info: File `Metode_Numerik.out' has not changed.
(rerunfilecheck)             Checksum: FE8711DBB9F905CDDCCE8F80D7CF407F;12003.
 ) 
Here is how much of TeX's memory you used:
 18686 strings out of 477845
 354222 string characters out of 5821288
 1944879 words of memory out of 5000000
 39329 multiletter control sequences out of 15000+600000
 564616 words of font info for 101 fonts, out of 8000000 for 9000
 14 hyphenation exceptions out of 8191
 90i,21n,120p,1183b,476s stack positions out of 10000i,1000n,20000p,200000b,200000s

Output written on Metode_Numerik.pdf (251 pages).
