\BOOKMARK [0][-]{chapter*.2}{\376\377\000K\000a\000t\000a\000\040\000P\000e\000n\000g\000a\000n\000t\000a\000r}{}% 1
\BOOKMARK [1][-]{section*.3}{\376\377\000R\000i\000n\000g\000k\000a\000s\000a\000n}{chapter*.2}% 2
\BOOKMARK [1][-]{section*.4}{\376\377\000T\000i\000m\000\040\000P\000e\000n\000y\000u\000s\000u\000n}{chapter*.2}% 3
\BOOKMARK [1][-]{section*.5}{\376\377\000U\000c\000a\000p\000a\000n\000\040\000T\000e\000r\000i\000m\000a\000\040\000K\000a\000s\000i\000h}{chapter*.2}% 4
\BOOKMARK [1][-]{section*.6}{\376\377\000M\000a\000s\000u\000k\000a\000n\000\040\000\046\000\040\000S\000a\000r\000a\000n}{chapter*.2}% 5
\BOOKMARK [0][-]{chapter.1}{\376\377\000P\000e\000n\000g\000a\000n\000t\000a\000r\000\040\000M\000e\000t\000o\000d\000e\000\040\000N\000u\000m\000e\000r\000i\000k}{}% 6
\BOOKMARK [1][-]{section.1.1}{\376\377\000A\000k\000u\000r\000a\000s\000i\000\040\000d\000a\000n\000\040\000P\000r\000e\000s\000i\000s\000i}{chapter.1}% 7
\BOOKMARK [1][-]{section.1.2}{\376\377\000E\000r\000r\000o\000r\000\040\000N\000u\000m\000e\000r\000i\000k}{chapter.1}% 8
\BOOKMARK [1][-]{section.1.3}{\376\377\000R\000e\000f\000e\000r\000e\000n\000s\000i}{chapter.1}% 9
\BOOKMARK [0][-]{chapter.2}{\376\377\000A\000l\000j\000a\000b\000a\000r\000\040\000L\000i\000n\000i\000e\000r}{}% 10
\BOOKMARK [1][-]{section.2.1}{\376\377\000V\000e\000k\000t\000o\000r\000\040\000d\000a\000n\000\040\000m\000a\000t\000r\000i\000k\000s}{chapter.2}% 11
\BOOKMARK [1][-]{section.2.2}{\376\377\000O\000p\000e\000r\000a\000s\000i\000\040\000B\000a\000r\000i\000s\000\040\000E\000l\000e\000m\000e\000n\000t\000e\000r}{chapter.2}% 12
\BOOKMARK [1][-]{section.2.3}{\376\377\000E\000l\000i\000m\000i\000n\000a\000s\000i\000\040\000G\000a\000u\000s\000s}{chapter.2}% 13
\BOOKMARK [1][-]{section.2.4}{\376\377\000D\000e\000k\000o\000m\000p\000o\000s\000i\000s\000i\000\040\000M\000a\000t\000r\000i\000k\000s}{chapter.2}% 14
\BOOKMARK [1][-]{section.2.5}{\376\377\000M\000e\000t\000o\000d\000e\000\040\000I\000t\000e\000r\000a\000s\000i}{chapter.2}% 15
\BOOKMARK [1][-]{section.2.6}{\376\377\000S\000t\000u\000d\000i\000\040\000K\000a\000s\000u\000s}{chapter.2}% 16
\BOOKMARK [1][-]{section.2.7}{\376\377\000R\000e\000f\000e\000r\000e\000n\000s\000i}{chapter.2}% 17
\BOOKMARK [1][-]{section.2.8}{\376\377\000L\000a\000t\000i\000h\000a\000n}{chapter.2}% 18
\BOOKMARK [0][-]{chapter.3}{\376\377\000A\000k\000a\000r\000\040\000P\000e\000r\000s\000a\000m\000a\000a\000n\000\040\000N\000o\000n\000-\000L\000i\000n\000i\000e\000r}{}% 19
\BOOKMARK [1][-]{section.3.1}{\376\377\000M\000e\000t\000o\000d\000e\000\040\000T\000e\000r\000t\000u\000t\000u\000p}{chapter.3}% 20
\BOOKMARK [1][-]{section.3.2}{\376\377\000M\000e\000t\000o\000d\000e\000\040\000T\000e\000r\000b\000u\000k\000a}{chapter.3}% 21
\BOOKMARK [1][-]{section.3.3}{\376\377\000P\000e\000n\000y\000e\000l\000e\000s\000a\000i\000a\000n\000\040\000P\000e\000r\000s\000a\000m\000a\000a\000n\000\040\000N\000o\000n\000-\000L\000i\000n\000i\000e\000r\000\040\000M\000e\000n\000g\000g\000u\000n\000a\000k\000a\000n\000\040\000F\000u\000n\000g\000s\000i\000\040\000u\000n\000i\000r\000o\000o\000t\000\040\000d\000a\000n\000\040\000u\000n\000i\000r\000o\000o\000t\000.\000a\000l\000l}{chapter.3}% 22
\BOOKMARK [1][-]{section.3.4}{\376\377\000A\000k\000a\000r\000\040\000P\000e\000r\000s\000a\000m\000a\000a\000n\000\040\000P\000o\000l\000i\000n\000o\000m\000i\000a\000l\000\040\000M\000e\000n\000g\000g\000u\000n\000a\000k\000a\000n\000\040\000F\000u\000n\000g\000s\000i\000\040\000p\000o\000l\000y\000r\000o\000o\000t}{chapter.3}% 23
\BOOKMARK [1][-]{section.3.5}{\376\377\000S\000t\000u\000d\000i\000\040\000K\000a\000s\000u\000s}{chapter.3}% 24
\BOOKMARK [1][-]{section.3.6}{\376\377\000R\000e\000f\000e\000r\000e\000n\000s\000i}{chapter.3}% 25
\BOOKMARK [1][-]{section.3.7}{\376\377\000L\000a\000t\000i\000h\000a\000n}{chapter.3}% 26
\BOOKMARK [0][-]{chapter.4}{\376\377\000I\000n\000t\000e\000r\000p\000o\000l\000a\000s\000i\000\040\000d\000a\000n\000\040\000E\000k\000s\000t\000r\000a\000p\000o\000l\000a\000s\000i}{}% 27
\BOOKMARK [1][-]{section.4.1}{\376\377\000I\000n\000t\000e\000r\000p\000o\000l\000a\000s\000i\000\040\000P\000o\000l\000i\000n\000o\000m\000i\000a\000l}{chapter.4}% 28
\BOOKMARK [1][-]{section.4.2}{\376\377\000I\000n\000t\000e\000r\000p\000o\000l\000a\000s\000i\000\040\000P\000i\000e\000c\000e\000w\000i\000s\000e}{chapter.4}% 29
\BOOKMARK [1][-]{section.4.3}{\376\377\000S\000t\000u\000d\000i\000\040\000K\000a\000s\000u\000s}{chapter.4}% 30
\BOOKMARK [1][-]{section.4.4}{\376\377\000R\000e\000f\000e\000r\000e\000n\000s\000i}{chapter.4}% 31
\BOOKMARK [1][-]{section.4.5}{\376\377\000L\000a\000t\000i\000h\000a\000n}{chapter.4}% 32
\BOOKMARK [0][-]{chapter.5}{\376\377\000D\000i\000f\000e\000r\000e\000n\000s\000i\000a\000s\000i\000\040\000d\000a\000n\000\040\000I\000n\000t\000e\000g\000r\000a\000s\000i\000\040\000N\000u\000m\000e\000r\000i\000k}{}% 33
\BOOKMARK [1][-]{section.5.1}{\376\377\000M\000e\000t\000o\000d\000e\000\040\000B\000e\000d\000a\000\040\000H\000i\000n\000g\000g\000a}{chapter.5}% 34
\BOOKMARK [1][-]{section.5.2}{\376\377\000D\000i\000f\000e\000r\000e\000n\000s\000i\000a\000s\000i\000\040\000M\000e\000n\000g\000g\000u\000n\000a\000k\000a\000n\000\040\000F\000u\000n\000g\000s\000i\000\040\000L\000a\000i\000n\000n\000y\000a\000\040\000d\000i\000\040\000R}{chapter.5}% 35
\BOOKMARK [1][-]{section.5.3}{\376\377\000M\000e\000t\000o\000d\000e\000\040\000I\000n\000t\000e\000g\000r\000a\000s\000i\000\040\000N\000e\000w\000t\000o\000n\000-\000C\000o\000t\000e\000s}{chapter.5}% 36
\BOOKMARK [1][-]{section.5.4}{\376\377\000M\000e\000t\000o\000d\000e\000\040\000I\000n\000t\000e\000g\000r\000a\000s\000i\000\040\000N\000e\000w\000t\000o\000n\000-\000C\000o\000t\000e\000s\000\040\000M\000e\000n\000g\000u\000n\000a\000k\000a\000n\000\040\000F\000u\000n\000g\000s\000i\000\040\000L\000a\000i\000n\000n\000y\000a}{chapter.5}% 37
\BOOKMARK [1][-]{section.5.5}{\376\377\000M\000e\000t\000o\000d\000e\000\040\000K\000u\000a\000d\000r\000a\000t\000u\000r\000\040\000G\000a\000u\000s\000s}{chapter.5}% 38
\BOOKMARK [1][-]{section.5.6}{\376\377\000M\000e\000t\000o\000d\000e\000\040\000G\000a\000u\000s\000s\000-\000L\000e\000g\000e\000n\000d\000r\000e\000\040\000M\000e\000n\000g\000g\000u\000n\000a\000k\000a\000n\000\040\000F\000u\000n\000g\000s\000i\000\040\000l\000e\000g\000e\000n\000d\000r\000e\000.\000q\000u\000a\000d\000r\000a\000t\000u\000r\000e\000\050\000\051}{chapter.5}% 39
\BOOKMARK [1][-]{section.5.7}{\376\377\000M\000e\000t\000o\000d\000e\000\040\000I\000n\000t\000e\000g\000r\000a\000s\000i\000\040\000A\000d\000a\000p\000t\000i\000f}{chapter.5}% 40
\BOOKMARK [1][-]{section.5.8}{\376\377\000M\000e\000t\000o\000d\000e\000\040\000I\000n\000t\000e\000g\000r\000a\000l\000\040\000A\000d\000a\000p\000t\000i\000f\000\040\000M\000e\000n\000g\000g\000u\000n\000a\000k\000a\000n\000\040\000F\000u\000n\000g\000s\000i\000\040\000L\000a\000i\000n\000n\000y\000a\000\040\000P\000a\000d\000a\000\040\000R}{chapter.5}% 41
\BOOKMARK [1][-]{section.5.9}{\376\377\000M\000e\000t\000o\000d\000e\000\040\000I\000n\000t\000e\000g\000r\000a\000s\000i\000\040\000R\000o\000m\000b\000e\000r\000g}{chapter.5}% 42
\BOOKMARK [1][-]{section.5.10}{\376\377\000M\000e\000t\000o\000d\000e\000\040\000I\000n\000t\000e\000g\000r\000a\000s\000i\000\040\000R\000o\000m\000b\000e\000r\000g\000\040\000M\000e\000n\000g\000g\000u\000n\000a\000k\000a\000n\000\040\000F\000u\000n\000g\000s\000i\000\040\000L\000a\000i\000n\000n\000y\000a}{chapter.5}% 43
\BOOKMARK [1][-]{section.5.11}{\376\377\000M\000e\000t\000o\000d\000e\000\040\000I\000n\000t\000e\000g\000r\000a\000s\000i\000\040\000M\000o\000n\000t\000e\000\040\000C\000a\000r\000l\000o}{chapter.5}% 44
\BOOKMARK [1][-]{section.5.12}{\376\377\000S\000t\000u\000d\000i\000\040\000K\000a\000s\000u\000s}{chapter.5}% 45
\BOOKMARK [1][-]{section.5.13}{\376\377\000R\000e\000f\000e\000r\000e\000n\000s\000i}{chapter.5}% 46
\BOOKMARK [1][-]{section.5.14}{\376\377\000L\000a\000t\000i\000h\000a\000n}{chapter.5}% 47
\BOOKMARK [0][-]{chapter.6}{\376\377\000P\000e\000r\000s\000a\000m\000a\000a\000n\000\040\000D\000i\000f\000e\000r\000e\000n\000s\000i\000a\000l}{}% 48
\BOOKMARK [1][-]{section.6.1}{\376\377\000I\000n\000i\000t\000i\000a\000l\000\040\000v\000a\000l\000u\000e\000\040\000p\000r\000o\000b\000l\000e\000m\000s}{chapter.6}% 49
\BOOKMARK [1][-]{section.6.2}{\376\377\000S\000i\000s\000t\000e\000m\000\040\000P\000e\000r\000s\000a\000m\000a\000a\000n\000\040\000D\000i\000f\000e\000r\000e\000n\000s\000i\000a\000l}{chapter.6}% 50
\BOOKMARK [1][-]{section.6.3}{\376\377\000P\000e\000n\000y\000e\000l\000e\000s\000a\000i\000a\000n\000\040\000P\000e\000r\000s\000a\000m\000a\000a\000n\000\040\000D\000i\000f\000e\000r\000e\000n\000s\000i\000a\000l\000\040\000d\000a\000n\000\040\000S\000i\000s\000t\000e\000m\000\040\000P\000e\000r\000s\000a\000m\000a\000a\000n\000\040\000D\000i\000f\000e\000r\000e\000n\000s\000i\000a\000l\000\040\000M\000e\000n\000g\000g\000u\000n\000a\000k\000a\000n\000\040\000F\000u\000n\000g\000s\000i\000\040\000o\000d\000e\000\050\000\051}{chapter.6}% 51
\BOOKMARK [1][-]{section.6.4}{\376\377\000P\000e\000r\000s\000a\000m\000a\000a\000n\000\040\000D\000i\000f\000e\000r\000e\000n\000s\000i\000a\000l\000\040\000P\000a\000r\000s\000i\000a\000l}{chapter.6}% 52
\BOOKMARK [1][-]{section.6.5}{\376\377\000C\000o\000n\000t\000o\000h\000\040\000P\000e\000n\000e\000r\000a\000p\000a\000n\000\040\000P\000a\000k\000e\000t\000\040\000R\000e\000a\000c\000T\000r\000a\000n}{chapter.6}% 53
\BOOKMARK [1][-]{section.6.6}{\376\377\000S\000t\000u\000d\000i\000\040\000K\000a\000s\000u\000s}{chapter.6}% 54
\BOOKMARK [1][-]{section.6.7}{\376\377\000R\000e\000f\000e\000r\000e\000n\000s\000i}{chapter.6}% 55
\BOOKMARK [1][-]{section.6.8}{\376\377\000L\000a\000t\000i\000h\000a\000n}{chapter.6}% 56
\BOOKMARK [0][-]{chapter.7}{\376\377\000A\000n\000a\000l\000i\000s\000i\000s\000\040\000D\000a\000t\000a}{}% 57
\BOOKMARK [1][-]{section.7.1}{\376\377\000I\000m\000p\000o\000r\000t\000\040\000D\000a\000t\000a}{chapter.7}% 58
\BOOKMARK [1][-]{section.7.2}{\376\377\000M\000e\000m\000b\000a\000c\000a\000\040\000D\000a\000t\000a\000\040\000D\000a\000r\000i\000\040\000L\000i\000b\000r\000a\000r\000y}{chapter.7}% 59
\BOOKMARK [1][-]{section.7.3}{\376\377\000R\000i\000n\000g\000k\000a\000s\000a\000n\000\040\000D\000a\000t\000a}{chapter.7}% 60
\BOOKMARK [1][-]{section.7.4}{\376\377\000U\000j\000i\000\040\000N\000o\000r\000m\000a\000l\000i\000t\000a\000s\000\040\000D\000a\000t\000a\000\040\000T\000u\000n\000g\000g\000a\000l}{chapter.7}% 61
\BOOKMARK [1][-]{section.7.5}{\376\377\000U\000j\000i\000\040\000R\000a\000t\000a\000-\000R\000a\000t\000a\000\040\000S\000a\000t\000u\000\040\000d\000a\000n\000\040\000D\000u\000a\000\040\000S\000a\000m\000p\000e\000l}{chapter.7}% 62
\BOOKMARK [1][-]{section.7.6}{\376\377\000K\000o\000r\000e\000l\000a\000s\000i\000\040\000A\000n\000t\000a\000r\000\040\000V\000a\000r\000i\000a\000b\000e\000l}{chapter.7}% 63
\BOOKMARK [1][-]{section.7.7}{\376\377\000A\000n\000a\000l\000i\000s\000i\000s\000\040\000V\000a\000r\000i\000a\000n\000s}{chapter.7}% 64
\BOOKMARK [1][-]{section.7.8}{\376\377\000A\000n\000a\000l\000i\000s\000i\000s\000\040\000K\000o\000m\000p\000o\000n\000e\000n\000\040\000U\000t\000a\000m\000a}{chapter.7}% 65
\BOOKMARK [1][-]{section.7.9}{\376\377\000A\000n\000a\000l\000i\000s\000i\000s\000\040\000C\000l\000u\000s\000t\000e\000r}{chapter.7}% 66
\BOOKMARK [1][-]{section.7.10}{\376\377\000R\000e\000f\000e\000r\000e\000n\000s\000i}{chapter.7}% 67
\BOOKMARK [0][-]{chapter.8}{\376\377\000P\000e\000m\000o\000d\000e\000l\000a\000n\000\040\000D\000a\000t\000a}{}% 68
\BOOKMARK [1][-]{section.8.1}{\376\377\000R\000e\000g\000r\000e\000s\000i\000\040\000L\000i\000n\000i\000e\000r}{chapter.8}% 69
\BOOKMARK [1][-]{section.8.2}{\376\377\000R\000e\000g\000r\000e\000s\000i\000\040\000L\000o\000g\000i\000s\000t\000i\000k}{chapter.8}% 70
\BOOKMARK [1][-]{section.8.3}{\376\377\000R\000e\000f\000e\000r\000e\000n\000s\000i}{chapter.8}% 71
